Image file needs OCR/manual extraction: Bipoloar_in_Remission.png
Unknown or unsupported file type: CT_HEAD_WO_CONTRAST-2022-10-26T21_47_01Z-Impression.txt
Unknown or unsupported file type: CT_HEAD_WO_CONTRAST-2022-10-26T21_47_01Z-Narrative.txt
Unknown or unsupported file type: CULTURE__AEROBIC-2020-01-14T20_28_00Z-Narrative.txt
Unknown or unsupported file type: CULTURE__ANAEROBIC-2020-01-28T05_00_00Z-Narrative.txt
Unknown or unsupported file type: CULTURE__BODY_FLUID-2020-01-28T05_00_00Z-Narrative.txt
Unknown or unsupported file type: Cell_count_with_crystals__synovial_fluid-2020-01-28T05_00_00Z-Narrative.txt
Image file needs OCR/manual extraction: EMG (1 EXTREMITY).TIF
Unknown or unsupported file type: FL_ARTHROGRAM_SHOULDER_RIGHT-2018-05-08T14_19_45Z-Impression.txt
Unknown or unsupported file type: FL_ARTHROGRAM_SHOULDER_RIGHT-2018-05-08T14_19_45Z-Narrative.txt
Unknown or unsupported file type: GRAM_STAIN-2020-01-28T05_00_00Z-Narrative.txt
Unknown or unsupported file type: IGP__APTIMA_HPV_RFX_16_18_45-2018-03-06T21_04_00Z-Narrative.txt
Unknown or unsupported file type: IGP__APTIMA_HPV_RFX_16_18_45-2018-03-06T21_04_00Z-Pathologist_provided_ICD10.txt
Image file needs OCR/manual extraction: LucyDrive.png
Image file needs OCR/manual extraction: LucyLogo.png
Unknown or unsupported file type: MRI_ORBITS_WO_W_CONTRAST-2018-02-24T22_02_09Z-Impression.txt
Unknown or unsupported file type: MRI_ORBITS_WO_W_CONTRAST-2018-02-24T22_02_09Z-Narrative.txt
Unknown or unsupported file type: MRI_SHOULDER_RIGHT_W_CONTRAST-2018-05-08T14_01_39Z-Impression.txt
Unknown or unsupported file type: MRI_SHOULDER_RIGHT_W_CONTRAST-2018-05-08T14_01_39Z-Narrative.txt
Unknown or unsupported file type: MRI_SPINE_CERVICAL_WO_CONTRAST-2018-06-07T12_30_12Z-Impression.txt
Unknown or unsupported file type: MRI_SPINE_CERVICAL_WO_CONTRAST-2018-06-07T12_30_12Z-Narrative.txt
Unknown or unsupported file type: MRSA_MSSA_PCR-2018-07-27T15_41_00Z-Narrative.txt
Unknown or unsupported file type: NM_THYROID_I-131_UPTAKE_AND_SCAN-2018-04-06T11_45_23Z-Impression.txt
Unknown or unsupported file type: NM_THYROID_I-131_UPTAKE_AND_SCAN-2018-04-06T11_45_23Z-Narrative.txt
RTF extraction needs manual: Note-Allison_Dejarnatt__NP-2022-09-06T13_05_05Z.rtf
RTF extraction needs manual: Note-Amit_Patel__MD-2020-06-23T11_11_30Z.rtf
RTF extraction needs manual: Note-Amit_Patel__MD-2020-06-23T13_59_59Z.rtf
RTF extraction needs manual: Note-Amit_Patel__MD-2022-02-23T12_39_58Z.rtf
RTF extraction needs manual: Note-Amit_Patel__MD-2022-05-23T11_54_51Z.rtf
RTF extraction needs manual: Note-Amit_Patel__MD-2022-09-27T14_16_12Z.rtf
RTF extraction needs manual: Note-David_Locascio__MD-2022-10-26T20_56_07Z.rtf
RTF extraction needs manual: Note-Denisse_R__LPN-2021-10-19T20_04_16Z.rtf
RTF extraction needs manual: Note-Eric_Starr__PA-C-2020-06-26T13_46_14Z.rtf
RTF extraction needs manual: Note-Eric_Starr__PA-C-2021-04-13T16_31_21Z.rtf
RTF extraction needs manual: Note-Eric_Starr__PA-C-2021-04-13T16_37_45Z.rtf
RTF extraction needs manual: Note-Eric_Starr__PA-C-2021-10-19T19_27_46Z.rtf
RTF extraction needs manual: Note-Eric_Starr__PA-C-2021-10-19T19_40_49Z.rtf
RTF extraction needs manual: Note-Eric_Starr__PA-C-2022-06-09T21_06_27Z.rtf
RTF extraction needs manual: Note-Eric_Starr__PA-C-2022-06-09T21_12_34Z.rtf
RTF extraction needs manual: Note-Olivia_C__CNA-2021-04-13T03_39_32Z.rtf
RTF extraction needs manual: Note-Suja_Raju__MD-2020-05-27T14_20_26Z.rtf
RTF extraction needs manual: Note-Suja_Raju__MD-2020-12-22T15_52_47Z.rtf
RTF extraction needs manual: Note-Suja_Raju__MD-2021-06-10T14_47_42Z.rtf
RTF extraction needs manual: Note-Suja_Raju__MD-2021-12-08T13_36_41Z.rtf
RTF extraction needs manual: Note-Suja_Raju__MD-2021-12-08T13_37_10Z.rtf
RTF extraction needs manual: Note-Vinaya_Maddukuri__MD-2022-06-13T11_30_45Z.rtf
Unknown or unsupported file type: PAP_IMAGE-GUIDED_CT_NG_HPV-HIGH_RISK-2015-02-04T21_47_00Z-Narrative.txt
Image file needs OCR/manual extraction: PageBackground.png
Image file needs OCR/manual extraction: PageFooter.png
Image file needs OCR/manual extraction: PageTop.png
Unknown or unsupported file type: QUANTIFERON-TB_GOLD_PLUS-2020-07-09T20_50_00Z-Narrative.txt
Unknown or unsupported file type: QUANTIFERON-TB_GOLD_PLUS-2022-02-28T21_42_00Z-Narrative.txt
Unknown or unsupported file type: README - Open for Instructions.TXT
Unknown or unsupported file type: SPECIMEN_STATUS_REPORT-2020-01-28T05_00_00Z-SPECIMEN_STATUS_REPORT.txt
Unknown or unsupported file type: STYLE.XSL
Unknown or unsupported file type: US_GUIDED_NEEDLE_PLACEMENT-2020-01-29T20_18_16Z-Narrative.txt
Unknown or unsupported file type: XR_HAND_3+_VIEWS_LEFT-2021-04-13T00_35_55Z-Impression.txt
Unknown or unsupported file type: XR_HAND_3+_VIEWS_LEFT-2021-04-13T00_35_55Z-Narrative.txt
Unknown or unsupported file type: XR_KNEE_3_VIEWS_RIGHT-2020-01-28T20_19_00Z-Narrative.txt
Unknown or unsupported file type: XR_Lateral_Spine__Additional-2018-08-07T16_04_57Z-Impression.txt
Unknown or unsupported file type: XR_Lateral_Spine__Additional-2018-08-07T16_04_57Z-Narrative.txt
Unknown or unsupported file type: XR_SACRUM_AND_COCCYX_2+_VIEWS-2022-10-26T21_43_07Z-Narrative.txt
Unknown or unsupported file type: XR_SHOULDER_2+_VIEWS_RIGHT-2018-02-14T21_55_44Z-Impression.txt
Unknown or unsupported file type: XR_SHOULDER_2+_VIEWS_RIGHT-2018-02-14T21_55_44Z-Narrative.txt
Unknown or unsupported file type: XR_Spine__Cervical_1_View-2018-08-07T16_05_33Z-Impression.txt
Unknown or unsupported file type: XR_Spine__Cervical_1_View-2018-08-07T16_05_33Z-Narrative.txt
Unknown or unsupported file type: XR_Spine__Lumbar_2-3_Views-2022-10-26T21_43_07Z-Impression.txt
Unknown or unsupported file type: XR_Spine__Lumbar_2-3_Views-2022-10-26T21_43_07Z-Narrative.txt
Unknown or unsupported file type: XR_WRIST_3+_VIEWS_LEFT-2019-10-18T13_22_20Z-Impression.txt
Unknown or unsupported file type: XR_WRIST_3+_VIEWS_LEFT-2019-10-18T13_22_20Z-Narrative.txt
Image file needs OCR/manual extraction: address.png
Unknown or unsupported file type: beth life story.txt
Unknown or unsupported file type: diagnosis-binder-text.txt
Unknown or unsupported file type: lucy.css
Unknown or unsupported file type: lucy_colors.css
Image file needs OCR/manual extraction: org.png
Image file needs OCR/manual extraction: phone.png
Unknown or unsupported file type: training_data_beth_voice.jsonl
